2025-07-22 14:55:28,929 - INFO - Setting up Chrome driver...
2025-07-22 14:55:28,932 - INFO - ====== WebDriver manager ======
2025-07-22 14:55:30,363 - INFO - Get LATEST chromedriver version for google-chrome
2025-07-22 14:55:31,558 - INFO - Get LATEST chromedriver version for google-chrome
2025-07-22 14:55:32,712 - INFO - Driver [C:\Users\Home\.wdm\drivers\chromedriver\win64\138.0.7204.157\chromedriver-win32/THIRD_PARTY_NOTICES.chromedriver] found in cache
2025-07-22 14:55:32,716 - INFO - Chrome driver path: C:\Users\Home\.wdm\drivers\chromedriver\win64\138.0.7204.157\chromedriver-win32/chromedriver.exe
2025-07-22 14:55:54,788 - INFO - [CHROME] Step 1: Click play button
2025-07-22 14:56:02,600 - INFO - [CHROME] Step 2: Wait for event to be sent
2025-07-22 14:56:06,289 - INFO - [CHROME] Step 3: Verify video is playing
2025-07-22 14:56:17,474 - INFO - [CHROME] Step 4: Check play events
2025-07-22 14:56:17,498 - INFO - [CHROME] Step 5: Validate event structure
2025-07-22 14:56:17,509 - INFO - Closing chrome driver...
2025-07-22 14:56:23,797 - INFO - Setting up Firefox driver...
2025-07-22 14:56:23,797 - INFO - Found Firefox at: C:\Program Files\Mozilla Firefox\firefox.exe
2025-07-22 14:56:23,800 - INFO - ====== WebDriver manager ======
2025-07-22 14:56:25,112 - INFO - Get LATEST geckodriver version for 140.0 firefox
2025-07-22 14:56:25,793 - INFO - Get LATEST geckodriver version for 140.0 firefox
2025-07-22 14:56:26,271 - INFO - Driver [C:\Users\Home\.wdm\drivers\geckodriver\win64\v0.36.0\geckodriver.exe] found in cache
2025-07-22 14:56:37,258 - INFO - [FIREFOX] Step 1: Click play button
2025-07-22 14:56:37,775 - INFO - [FIREFOX] Step 2: Wait for event to be sent
2025-07-22 14:56:38,776 - INFO - [FIREFOX] Step 3: Verify video is playing
2025-07-22 14:56:38,784 - INFO - [FIREFOX] Step 4: Check play events
2025-07-22 14:56:38,793 - INFO - [FIREFOX] Step 5: Validate event structure
2025-07-22 14:56:38,803 - INFO - Closing firefox driver...
