2025-07-22 20:39:25,309 - INFO - Step 1: Create event without userId
2025-07-22 20:39:25,310 - INFO - Step 2: Send invalid event
2025-07-22 20:39:25,319 - INFO - Step 3: Validate server response
2025-07-22 20:39:25,319 - WARNING -    Server accepts missing userId: 200
2025-07-22 20:39:25,323 - INFO - Step 1: Create event without type
2025-07-22 20:39:25,323 - INFO - Step 2: Send and validate
2025-07-22 20:39:25,325 - WARNING -    Missing type response: 200
2025-07-22 20:39:25,329 - INFO - Testing missing videoTime
2025-07-22 20:39:25,335 - WARNING -    Missing videoTime response: 200
2025-07-22 20:39:25,344 - INFO - Testing missing timestamp
2025-07-22 20:39:25,352 - WARNING -    Missing timestamp response: 200
2025-07-22 20:39:25,355 - INFO - Testing empty payload
2025-07-22 20:39:25,360 - WARNING -    Empty payload response: 200
2025-07-22 20:39:25,363 - INFO - Testing null values
2025-07-22 20:39:25,369 - WARNING -    Null values response: 200
2025-07-22 20:39:25,371 - INFO - Testing wrong type for videoTime
2025-07-22 20:39:25,375 - WARNING -    Wrong videoTime type response: 200
2025-07-22 20:39:25,377 - INFO - Testing negative videoTime
2025-07-22 20:39:25,380 - WARNING -    Negative videoTime response: 200
2025-07-22 20:39:25,385 - INFO - Testing invalid event type
2025-07-22 20:39:25,388 - WARNING -    Invalid event type response: 200
2025-07-22 20:39:25,390 - INFO - Testing malformed timestamp
2025-07-22 20:39:25,393 - WARNING -    Malformed timestamp response: 200
2025-07-22 20:39:25,396 - INFO - Testing extra fields
2025-07-22 20:39:25,402 - INFO -    Extra fields response: 200
2025-07-22 20:39:25,402 - INFO -    Server accepts extra fields: True
2025-07-22 20:39:25,405 - INFO - Testing wrong content type
2025-07-22 20:39:25,408 - WARNING -    Wrong content type response: 200
2025-07-22 20:39:25,411 - INFO - Testing special characters
2025-07-22 20:39:25,417 - INFO -    Special characters response: 200
