2025-07-22 19:49:04,586 - INFO - Setting up Chrome driver...
2025-07-22 19:49:04,586 - INFO - ====== WebDriver manager ======
2025-07-22 19:49:05,625 - INFO - Get LATEST chromedriver version for google-chrome
2025-07-22 19:49:06,321 - INFO - Get LATEST chromedriver version for google-chrome
2025-07-22 19:49:06,976 - INFO - Driver [C:\Users\Home\.wdm\drivers\chromedriver\win64\138.0.7204.157\chromedriver-win32/THIRD_PARTY_NOTICES.chromedriver] found in cache
2025-07-22 19:49:06,977 - INFO - Chrome driver path: C:\Users\Home\.wdm\drivers\chromedriver\win64\138.0.7204.157\chromedriver-win32/chromedriver.exe
2025-07-22 19:49:08,487 - ERROR - Failed to setup chrome: VideoPage() takes no arguments
2025-07-22 19:49:08,487 - INFO - Closing chrome driver...
2025-07-22 19:49:10,846 - INFO - Setting up Firefox driver...
2025-07-22 19:49:10,847 - INFO - ====== WebDriver manager ======
2025-07-22 19:49:12,174 - INFO - Get LATEST geckodriver version for 140.0 firefox
2025-07-22 19:49:12,816 - INFO - Get LATEST geckodriver version for 140.0 firefox
2025-07-22 19:49:13,291 - INFO - Driver [C:\Users\Home\.wdm\drivers\geckodriver\win64\v0.36.0\geckodriver.exe] found in cache
2025-07-22 19:49:20,050 - ERROR - Failed to setup firefox: VideoPage() takes no arguments
2025-07-22 19:49:20,050 - INFO - Closing firefox driver...
2025-07-22 19:49:23,109 - INFO - Setting up Chrome driver...
2025-07-22 19:49:23,110 - INFO - ====== WebDriver manager ======
2025-07-22 19:49:24,179 - INFO - Get LATEST chromedriver version for google-chrome
2025-07-22 19:49:28,911 - INFO - Get LATEST chromedriver version for google-chrome
2025-07-22 19:49:29,595 - INFO - Driver [C:\Users\Home\.wdm\drivers\chromedriver\win64\138.0.7204.157\chromedriver-win32/THIRD_PARTY_NOTICES.chromedriver] found in cache
2025-07-22 19:49:29,596 - INFO - Chrome driver path: C:\Users\Home\.wdm\drivers\chromedriver\win64\138.0.7204.157\chromedriver-win32/chromedriver.exe
2025-07-22 19:49:31,057 - ERROR - Failed to setup chrome: VideoPage() takes no arguments
2025-07-22 19:49:31,057 - INFO - Closing chrome driver...
