2025-07-22 17:51:50,207 - INFO - Setting up Chrome driver...
2025-07-22 17:51:50,208 - INFO - ====== WebDriver manager ======
2025-07-22 17:51:52,363 - INFO - Get LATEST chromedriver version for google-chrome
2025-07-22 17:51:53,474 - INFO - Get LATEST chromedriver version for google-chrome
2025-07-22 17:51:54,464 - INFO - Driver [C:\Users\Home\.wdm\drivers\chromedriver\win64\138.0.7204.157\chromedriver-win32/THIRD_PARTY_NOTICES.chromedriver] found in cache
2025-07-22 17:51:54,465 - INFO - Chrome driver path: C:\Users\Home\.wdm\drivers\chromedriver\win64\138.0.7204.157\chromedriver-win32/chromedriver.exe
2025-07-22 17:51:56,835 - INFO - [CHROME] Step 1: Click play button
2025-07-22 17:51:57,380 - INFO - [CHROME] Step 2: Wait for event to be sent
2025-07-22 17:51:58,381 - INFO - [CHROME] Step 3: Verify video is playing
2025-07-22 17:51:58,454 - INFO - [CHROME] Step 4: Check play events
2025-07-22 17:51:58,471 - INFO - [CHROME] Step 5: Validate event structure
2025-07-22 17:51:58,489 - INFO - Closing chrome driver...
2025-07-22 17:52:04,988 - INFO - Setting up Firefox driver...
2025-07-22 17:52:04,989 - INFO - ====== WebDriver manager ======
2025-07-22 17:52:07,028 - INFO - Get LATEST geckodriver version for 140.0 firefox
2025-07-22 17:52:08,061 - INFO - Get LATEST geckodriver version for 140.0 firefox
2025-07-22 17:52:08,796 - INFO - Driver [C:\Users\Home\.wdm\drivers\geckodriver\win64\v0.36.0\geckodriver.exe] found in cache
2025-07-22 17:52:18,213 - INFO - [FIREFOX] Step 1: Click play button
2025-07-22 17:52:18,749 - INFO - [FIREFOX] Step 2: Wait for event to be sent
2025-07-22 17:52:19,750 - INFO - [FIREFOX] Step 3: Verify video is playing
2025-07-22 17:52:19,777 - INFO - [FIREFOX] Step 4: Check play events
2025-07-22 17:52:19,803 - INFO - [FIREFOX] Step 5: Validate event structure
2025-07-22 17:52:19,840 - INFO - Closing firefox driver...
