2025-07-22 20:17:10,711 - INFO - Step 1: Prepare play event data
2025-07-22 20:17:10,711 - INFO - Step 2: Send play event to API
2025-07-22 20:17:10,720 - INFO - Step 3: Validate response status
2025-07-22 20:17:10,726 - INFO - Step 4: Validate response body
2025-07-22 20:17:10,731 - INFO - Step 1: Send pause event
2025-07-22 20:17:10,735 - INFO - Step 2: Validate response
2025-07-22 20:17:10,742 - INFO - Step 1: Send seeked event
2025-07-22 20:17:10,746 - INFO - Step 2: Validate response
2025-07-22 20:17:10,751 - INFO - Step 1: Send scroll event
2025-07-22 20:17:10,754 - INFO - Step 2: Validate response
2025-07-22 20:17:10,760 - INFO - Step 1: Create complete event structure
2025-07-22 20:17:10,761 - INFO -    Event data: {'userId': 'user-123', 'type': 'play', 'videoTime': 12.345, 'timestamp': '2025-07-21T19:30:45.123Z'}
2025-07-22 20:17:10,761 - INFO - Step 2: Send event
2025-07-22 20:17:10,766 - INFO - Step 3: Validate response
2025-07-22 20:17:10,771 - INFO - Step 1: Test multiple user IDs
2025-07-22 20:17:10,772 - INFO -    1. Testing user: user-123
2025-07-22 20:17:10,776 - INFO -    2. Testing user: user-456
2025-07-22 20:17:10,780 - INFO -    3. Testing user: test-user
2025-07-22 20:17:10,784 - INFO -    4. Testing user: admin
2025-07-22 20:17:10,802 - INFO - Step 1: Test various video times
2025-07-22 20:17:10,802 - INFO -    1. Testing time: 0.0s
2025-07-22 20:17:10,810 - INFO -    2. Testing time: 0.5s
2025-07-22 20:17:10,818 - INFO -    3. Testing time: 10.0s
2025-07-22 20:17:10,822 - INFO -    4. Testing time: 59.999s
2025-07-22 20:17:10,827 - INFO -    5. Testing time: 120.5s
2025-07-22 20:17:10,833 - INFO -    6. Testing time: 3600.0s
2025-07-22 20:17:10,849 - INFO - Step 1: Send 10 events rapidly
2025-07-22 20:17:10,875 - INFO - Step 2: Validate all events sent
