2025-07-22 20:42:43,018 - INFO - Step 1: Create event without userId
2025-07-22 20:42:43,018 - INFO - Step 2: Send invalid event
2025-07-22 20:42:43,026 - INFO - Step 3: Validate server response
2025-07-22 20:42:43,026 - WARNING -    Server accepts missing userId: 200
2025-07-22 20:42:43,030 - INFO - Step 1: Create event without type
2025-07-22 20:42:43,030 - INFO - Step 2: Send and validate
2025-07-22 20:42:43,033 - WARNING -    Missing type response: 200
2025-07-22 20:42:43,037 - INFO - Testing missing videoTime
2025-07-22 20:42:43,040 - WARNING -    Missing videoTime response: 200
2025-07-22 20:42:43,044 - INFO - Testing missing timestamp
2025-07-22 20:42:43,048 - WARNING -    Missing timestamp response: 200
2025-07-22 20:42:43,051 - INFO - Testing empty payload
2025-07-22 20:42:43,054 - WARNING -    Empty payload response: 200
2025-07-22 20:42:43,056 - INFO - Testing null values
2025-07-22 20:42:43,059 - WARNING -    Null values response: 200
2025-07-22 20:42:43,061 - INFO - Testing wrong type for videoTime
2025-07-22 20:42:43,065 - WARNING -    Wrong videoTime type response: 200
2025-07-22 20:42:43,068 - INFO - Testing negative videoTime
2025-07-22 20:42:43,072 - WARNING -    Negative videoTime response: 200
2025-07-22 20:42:43,075 - INFO - Testing invalid event type
2025-07-22 20:42:43,078 - WARNING -    Invalid event type response: 200
2025-07-22 20:42:43,084 - INFO - Testing malformed timestamp
2025-07-22 20:42:43,088 - WARNING -    Malformed timestamp response: 200
2025-07-22 20:42:43,090 - INFO - Testing extra fields
2025-07-22 20:42:43,093 - INFO -    Extra fields response: 200
2025-07-22 20:42:43,093 - INFO -    Server accepts extra fields: True
2025-07-22 20:42:43,095 - INFO - Testing wrong content type
2025-07-22 20:42:43,101 - WARNING -    Wrong content type response: 200
2025-07-22 20:42:43,103 - INFO - Testing special characters
2025-07-22 20:42:43,107 - INFO -    Special characters response: 200
