2025-07-22 15:05:04,383 - INFO - Setting up Chrome driver...
2025-07-22 15:05:04,384 - INFO - ====== WebDriver manager ======
2025-07-22 15:05:05,984 - INFO - Get LATEST chromedriver version for google-chrome
2025-07-22 15:05:07,314 - INFO - Get LATEST chromedriver version for google-chrome
2025-07-22 15:05:08,559 - INFO - Driver [C:\Users\Home\.wdm\drivers\chromedriver\win64\138.0.7204.157\chromedriver-win32/THIRD_PARTY_NOTICES.chromedriver] found in cache
2025-07-22 15:05:08,560 - INFO - Chrome driver path: C:\Users\Home\.wdm\drivers\chromedriver\win64\138.0.7204.157\chromedriver-win32/chromedriver.exe
2025-07-22 15:05:10,295 - INFO - [CHROME] Step 1: Click play button
2025-07-22 15:05:10,818 - INFO - [CHROME] Step 2: Wait for event to be sent
2025-07-22 15:05:11,819 - INFO - [CHROME] Step 3: Verify video is playing
2025-07-22 15:05:11,855 - INFO - [CHROME] Step 4: Check play events
2025-07-22 15:05:11,875 - INFO - [CHROME] Step 5: Validate event structure
2025-07-22 15:05:11,896 - INFO - Closing chrome driver...
2025-07-22 15:05:18,412 - INFO - Setting up Firefox driver...
2025-07-22 15:05:18,412 - INFO - ====== WebDriver manager ======
2025-07-22 15:05:19,705 - INFO - Get LATEST geckodriver version for 140.0 firefox
2025-07-22 15:05:20,545 - INFO - Get LATEST geckodriver version for 140.0 firefox
2025-07-22 15:05:21,193 - INFO - Driver [C:\Users\Home\.wdm\drivers\geckodriver\win64\v0.36.0\geckodriver.exe] found in cache
2025-07-22 15:05:31,531 - INFO - [FIREFOX] Step 1: Click play button
2025-07-22 15:05:32,048 - INFO - [FIREFOX] Step 2: Wait for event to be sent
2025-07-22 15:05:33,049 - INFO - [FIREFOX] Step 3: Verify video is playing
2025-07-22 15:05:33,060 - INFO - [FIREFOX] Step 4: Check play events
2025-07-22 15:05:33,070 - INFO - [FIREFOX] Step 5: Validate event structure
2025-07-22 15:05:33,089 - INFO - Closing firefox driver...
