2025-07-22 20:44:09,593 - INFO - Step 1: Create event without userId
2025-07-22 20:44:09,594 - INFO - Step 2: Send invalid event
2025-07-22 20:44:09,602 - INFO - Step 3: Validate server response
2025-07-22 20:44:09,603 - WARNING -    Server accepts missing userId: 200
2025-07-22 20:44:09,607 - INFO - Step 1: Create event without type
2025-07-22 20:44:09,607 - INFO - Step 2: Send and validate
2025-07-22 20:44:09,609 - WARNING -    Missing type response: 200
2025-07-22 20:44:09,612 - INFO - Testing missing videoTime
2025-07-22 20:44:09,615 - WARNING -    Missing videoTime response: 200
2025-07-22 20:44:09,618 - INFO - Testing missing timestamp
2025-07-22 20:44:09,624 - WARNING -    Missing timestamp response: 200
2025-07-22 20:44:09,626 - INFO - Testing empty payload
2025-07-22 20:44:09,629 - WARNING -    Empty payload response: 200
2025-07-22 20:44:09,631 - INFO - Testing null values
2025-07-22 20:44:09,634 - WARNING -    Null values response: 200
2025-07-22 20:44:09,638 - INFO - Testing wrong type for videoTime
2025-07-22 20:44:09,643 - WARNING -    Wrong videoTime type response: 200
2025-07-22 20:44:09,645 - INFO - Testing negative videoTime
2025-07-22 20:44:09,648 - WARNING -    Negative videoTime response: 200
2025-07-22 20:44:09,650 - INFO - Testing invalid event type
2025-07-22 20:44:09,656 - WARNING -    Invalid event type response: 200
2025-07-22 20:44:09,658 - INFO - Testing malformed timestamp
2025-07-22 20:44:09,661 - WARNING -    Malformed timestamp response: 200
2025-07-22 20:44:09,663 - INFO - Testing extra fields
2025-07-22 20:44:09,667 - INFO -    Extra fields response: 200
2025-07-22 20:44:09,667 - INFO -    Server accepts extra fields: True
2025-07-22 20:44:09,670 - INFO - Testing wrong content type
2025-07-22 20:44:09,674 - WARNING -    Wrong content type response: 200
2025-07-22 20:44:09,676 - INFO - Testing special characters
2025-07-22 20:44:09,680 - INFO -    Special characters response: 200
