2025-07-22 14:04:49,556 - INFO - Setting up Chrome driver...
2025-07-22 14:04:49,556 - INFO - ====== WebDriver manager ======
2025-07-22 14:04:50,589 - INFO - Get LATEST chromedriver version for google-chrome
2025-07-22 14:04:51,769 - INFO - Get LATEST chromedriver version for google-chrome
2025-07-22 14:04:52,978 - INFO - Driver [C:\Users\Home\.wdm\drivers\chromedriver\win64\138.0.7204.157\chromedriver-win32/THIRD_PARTY_NOTICES.chromedriver] found in cache
2025-07-22 14:04:52,979 - INFO - Chrome driver path: C:\Users\Home\.wdm\drivers\chromedriver\win64\138.0.7204.157\chromedriver-win32/chromedriver.exe
2025-07-22 14:04:54,572 - INFO - [CHROME] Step 1: Click play button
2025-07-22 14:04:55,098 - INFO - [CHROME] Step 2: Wait for event to be sent
2025-07-22 14:04:56,099 - INFO - [CHROME] Step 3: Verify video is playing
2025-07-22 14:04:56,118 - INFO - [CHROME] Step 4: Check play events
2025-07-22 14:04:56,131 - INFO - [CHROME] Step 5: Validate event structure
2025-07-22 14:04:56,138 - INFO - Closing chrome driver...
2025-07-22 14:05:02,454 - INFO - Setting up Firefox driver...
2025-07-22 14:05:02,454 - INFO - Found Firefox at: C:\Program Files\Mozilla Firefox\firefox.exe
2025-07-22 14:05:02,455 - INFO - ====== WebDriver manager ======
2025-07-22 14:05:03,612 - INFO - Get LATEST geckodriver version for 140.0 firefox
2025-07-22 14:05:04,283 - INFO - Get LATEST geckodriver version for 140.0 firefox
2025-07-22 14:05:04,757 - INFO - Driver [C:\Users\Home\.wdm\drivers\geckodriver\win64\v0.36.0\geckodriver.exe] found in cache
2025-07-22 14:05:12,249 - INFO - [FIREFOX] Step 1: Click play button
2025-07-22 14:05:12,835 - INFO - [FIREFOX] Step 2: Wait for event to be sent
2025-07-22 14:05:13,835 - INFO - [FIREFOX] Step 3: Verify video is playing
2025-07-22 14:05:13,842 - INFO - [FIREFOX] Step 4: Check play events
2025-07-22 14:05:13,849 - INFO - [FIREFOX] Step 5: Validate event structure
2025-07-22 14:05:13,860 - INFO - Closing firefox driver...
