2025-07-22 18:20:44,114 - INFO - Setting up Chrome driver...
2025-07-22 18:20:44,116 - INFO - ====== WebDriver manager ======
2025-07-22 18:20:45,974 - INFO - Get LATEST chromedriver version for google-chrome
2025-07-22 18:20:46,923 - INFO - Get LATEST chromedriver version for google-chrome
2025-07-22 18:20:47,884 - INFO - Driver [C:\Users\Home\.wdm\drivers\chromedriver\win64\138.0.7204.157\chromedriver-win32/THIRD_PARTY_NOTICES.chromedriver] found in cache
2025-07-22 18:20:47,886 - INFO - Chrome driver path: C:\Users\Home\.wdm\drivers\chromedriver\win64\138.0.7204.157\chromedriver-win32/chromedriver.exe
2025-07-22 18:20:49,978 - INFO - [CHROME] Step 1: Play video
2025-07-22 18:20:51,514 - INFO - [CHROME] Step 2: Get video duration
2025-07-22 18:20:51,531 - INFO - [CHROME] Video duration: 10.0 seconds
2025-07-22 18:20:51,531 - INFO - [CHROME] Step 3: Clear events and seek to 10 seconds
2025-07-22 18:20:53,057 - INFO - [CHROME] Step 4: Verify seek worked
2025-07-22 18:20:53,111 - INFO - [CHROME] Step 5: Check seeked events
2025-07-22 18:20:53,144 - INFO - Closing chrome driver...
2025-07-22 18:20:59,678 - INFO - Setting up Firefox driver...
2025-07-22 18:20:59,679 - INFO - ====== WebDriver manager ======
2025-07-22 18:21:01,933 - INFO - Get LATEST geckodriver version for 140.0 firefox
2025-07-22 18:21:03,078 - INFO - Get LATEST geckodriver version for 140.0 firefox
2025-07-22 18:21:03,788 - INFO - Driver [C:\Users\Home\.wdm\drivers\geckodriver\win64\v0.36.0\geckodriver.exe] found in cache
2025-07-22 18:21:13,706 - INFO - [FIREFOX] Step 1: Play video
2025-07-22 18:21:15,220 - INFO - [FIREFOX] Step 2: Get video duration
2025-07-22 18:21:15,236 - INFO - [FIREFOX] Video duration: 10.0 seconds
2025-07-22 18:21:15,239 - INFO - [FIREFOX] Step 3: Clear events and seek to 10 seconds
2025-07-22 18:21:16,779 - INFO - [FIREFOX] Step 4: Verify seek worked
2025-07-22 18:21:16,798 - INFO - [FIREFOX] Step 5: Check seeked events
2025-07-22 18:21:16,838 - INFO - Closing firefox driver...
