2025-07-22 18:27:31,084 - INFO - Setting up Chrome driver...
2025-07-22 18:27:31,085 - INFO - ====== WebDriver manager ======
2025-07-22 18:27:32,957 - INFO - Get LATEST chromedriver version for google-chrome
2025-07-22 18:27:33,915 - INFO - Get LATEST chromedriver version for google-chrome
2025-07-22 18:27:34,870 - INFO - Driver [C:\Users\Home\.wdm\drivers\chromedriver\win64\138.0.7204.157\chromedriver-win32/THIRD_PARTY_NOTICES.chromedriver] found in cache
2025-07-22 18:27:34,871 - INFO - Chrome driver path: C:\Users\Home\.wdm\drivers\chromedriver\win64\138.0.7204.157\chromedriver-win32/chromedriver.exe
2025-07-22 18:27:37,111 - INFO - [CHROME] Step 1: Add content to make page scrollable
2025-07-22 18:27:37,646 - INFO - [CHROME] Step 2: Scroll to top
2025-07-22 18:27:39,158 - INFO - [CHROME] Step 3: Clear events and scroll down
2025-07-22 18:27:40,685 - INFO - [CHROME] Step 4: Check initial scroll events
2025-07-22 18:27:40,711 - INFO - [CHROME] Scroll events after first scroll: 1
2025-07-22 18:27:40,712 - INFO - [CHROME] Step 5: Scroll more
2025-07-22 18:27:42,263 - INFO - [CHROME] Total scroll events: 2
2025-07-22 18:27:42,263 - INFO - [CHROME] Step 6: Validate scroll event structure
2025-07-22 18:27:42,323 - INFO - Closing chrome driver...
2025-07-22 18:27:48,808 - INFO - Setting up Firefox driver...
2025-07-22 18:27:48,809 - INFO - ====== WebDriver manager ======
2025-07-22 18:27:51,036 - INFO - Get LATEST geckodriver version for 140.0 firefox
2025-07-22 18:27:52,091 - INFO - Get LATEST geckodriver version for 140.0 firefox
2025-07-22 18:27:52,778 - INFO - Driver [C:\Users\Home\.wdm\drivers\geckodriver\win64\v0.36.0\geckodriver.exe] found in cache
2025-07-22 18:28:02,831 - INFO - [FIREFOX] Step 1: Add content to make page scrollable
2025-07-22 18:28:03,357 - INFO - [FIREFOX] Step 2: Scroll to top
2025-07-22 18:28:04,872 - INFO - [FIREFOX] Step 3: Clear events and scroll down
2025-07-22 18:28:06,401 - INFO - [FIREFOX] Step 4: Check initial scroll events
2025-07-22 18:28:06,413 - INFO - [FIREFOX] Scroll events after first scroll: 1
2025-07-22 18:28:06,413 - INFO - [FIREFOX] Step 5: Scroll more
2025-07-22 18:28:07,947 - INFO - [FIREFOX] Total scroll events: 2
2025-07-22 18:28:07,947 - INFO - [FIREFOX] Step 6: Validate scroll event structure
2025-07-22 18:28:07,971 - INFO - Closing firefox driver...
