2025-07-22 15:25:37,449 - INFO - Setting up Chrome driver...
2025-07-22 15:25:37,450 - INFO - ====== WebDriver manager ======
2025-07-22 15:25:39,612 - INFO - Get LATEST chromedriver version for google-chrome
2025-07-22 15:25:41,310 - INFO - Get LATEST chromedriver version for google-chrome
2025-07-22 15:25:42,955 - INFO - Driver [C:\Users\Home\.wdm\drivers\chromedriver\win64\138.0.7204.157\chromedriver-win32/THIRD_PARTY_NOTICES.chromedriver] found in cache
2025-07-22 15:25:42,956 - INFO - Chrome driver path: C:\Users\Home\.wdm\drivers\chromedriver\win64\138.0.7204.157\chromedriver-win32/chromedriver.exe
2025-07-22 15:25:45,163 - INFO - [CHROME] Step 1: Click play button
2025-07-22 15:25:45,690 - INFO - [CHROME] Step 2: Wait for event to be sent
2025-07-22 15:25:46,693 - INFO - [CHROME] Step 3: Verify video is playing
2025-07-22 15:25:46,735 - INFO - [CHROME] Step 4: Check play events
2025-07-22 15:25:46,758 - INFO - [CHROME] Step 5: Validate event structure
2025-07-22 15:25:46,782 - INFO - Closing chrome driver...
2025-07-22 15:25:53,267 - INFO - Setting up Firefox driver...
2025-07-22 15:25:53,267 - INFO - ====== WebDriver manager ======
2025-07-22 15:25:55,689 - INFO - Get LATEST geckodriver version for 140.0 firefox
2025-07-22 15:25:56,769 - INFO - Get LATEST geckodriver version for 140.0 firefox
2025-07-22 15:25:57,614 - INFO - Driver [C:\Users\Home\.wdm\drivers\geckodriver\win64\v0.36.0\geckodriver.exe] found in cache
2025-07-22 15:26:07,062 - INFO - [FIREFOX] Step 1: Click play button
2025-07-22 15:26:07,581 - INFO - [FIREFOX] Step 2: Wait for event to be sent
2025-07-22 15:26:08,582 - INFO - [FIREFOX] Step 3: Verify video is playing
2025-07-22 15:26:08,610 - INFO - [FIREFOX] Step 4: Check play events
2025-07-22 15:26:08,636 - INFO - [FIREFOX] Step 5: Validate event structure
2025-07-22 15:26:08,675 - INFO - Closing firefox driver...
