2025-07-22 12:36:22,430 - INFO - Step 1: Create event without userId
2025-07-22 12:36:22,430 - INFO - Step 2: Send invalid event
2025-07-22 12:36:22,442 - INFO - Step 3: Validate server response
2025-07-22 12:36:22,442 - WARNING -    Server accepts missing userId: 200
2025-07-22 12:36:22,445 - INFO - Step 1: Create event without type
2025-07-22 12:36:22,445 - INFO - Step 2: Send and validate
2025-07-22 12:36:22,450 - WARNING -    Missing type response: 200
2025-07-22 12:36:22,454 - INFO - Testing missing videoTime
2025-07-22 12:36:22,458 - WARNING -    Missing videoTime response: 200
2025-07-22 12:36:22,461 - INFO - Testing missing timestamp
2025-07-22 12:36:22,465 - WARNING -    Missing timestamp response: 200
2025-07-22 12:36:22,468 - INFO - Testing empty payload
2025-07-22 12:36:22,471 - WARNING -    Empty payload response: 200
2025-07-22 12:36:22,473 - INFO - Testing null values
2025-07-22 12:36:22,477 - WARNING -    Null values response: 200
2025-07-22 12:36:22,479 - INFO - Testing wrong type for videoTime
2025-07-22 12:36:22,482 - WARNING -    Wrong videoTime type response: 200
2025-07-22 12:36:22,487 - INFO - Testing negative videoTime
2025-07-22 12:36:22,491 - WARNING -    Negative videoTime response: 200
2025-07-22 12:36:22,493 - INFO - Testing invalid event type
2025-07-22 12:36:22,497 - WARNING -    Invalid event type response: 200
2025-07-22 12:36:22,501 - INFO - Testing malformed timestamp
2025-07-22 12:36:22,505 - WARNING -    Malformed timestamp response: 200
2025-07-22 12:36:22,507 - INFO - Testing extra fields
2025-07-22 12:36:22,511 - INFO -    Extra fields response: 200
2025-07-22 12:36:22,511 - INFO -    Server accepts extra fields: True
2025-07-22 12:36:22,513 - INFO - Testing wrong content type
2025-07-22 12:36:22,518 - WARNING -    Wrong content type response: 200
2025-07-22 12:36:22,520 - INFO - Testing malformed JSON
2025-07-22 12:36:22,524 - ERROR -    Malformed JSON response: 400
2025-07-22 12:36:22,526 - INFO - Testing huge payload
2025-07-22 12:36:22,530 - WARNING -    Huge payload response: 200
2025-07-22 12:36:22,533 - INFO - Testing special characters
2025-07-22 12:36:22,538 - INFO -    Special characters response: 200
