2025-07-22 17:52:39,148 - INFO - Setting up Chrome driver...
2025-07-22 17:52:39,162 - INFO - ====== WebDriver manager ======
2025-07-22 17:52:41,385 - INFO - Get LATEST chromedriver version for google-chrome
2025-07-22 17:52:42,325 - INFO - Get LATEST chromedriver version for google-chrome
2025-07-22 17:52:43,244 - INFO - Driver [C:\Users\Home\.wdm\drivers\chromedriver\win64\138.0.7204.157\chromedriver-win32/THIRD_PARTY_NOTICES.chromedriver] found in cache
2025-07-22 17:52:43,244 - INFO - Chrome driver path: C:\Users\Home\.wdm\drivers\chromedriver\win64\138.0.7204.157\chromedriver-win32/chromedriver.exe
2025-07-22 17:53:04,053 - INFO - [CHROME] Step 1: Click play button
2025-07-22 17:53:34,574 - INFO - [CHROME] Step 2: Wait for event to be sent
2025-07-22 17:53:45,202 - INFO - [CHROME] Step 3: Verify video is playing
2025-07-22 17:54:05,771 - INFO - Closing chrome driver...
2025-07-22 17:54:08,140 - INFO - Setting up Firefox driver...
2025-07-22 17:54:08,146 - INFO - ====== WebDriver manager ======
2025-07-22 17:54:10,470 - INFO - Get LATEST geckodriver version for 140.0 firefox
2025-07-22 17:54:11,558 - INFO - Get LATEST geckodriver version for 140.0 firefox
2025-07-22 17:54:12,343 - INFO - Driver [C:\Users\Home\.wdm\drivers\geckodriver\win64\v0.36.0\geckodriver.exe] found in cache
2025-07-22 17:54:53,877 - INFO - [FIREFOX] Step 1: Click play button
2025-07-22 17:54:54,412 - INFO - [FIREFOX] Step 2: Wait for event to be sent
2025-07-22 17:54:55,414 - INFO - [FIREFOX] Step 3: Verify video is playing
2025-07-22 17:54:55,501 - INFO - [FIREFOX] Step 4: Check play events
2025-07-22 17:55:45,865 - INFO - [FIREFOX] Step 5: Validate event structure
2025-07-22 17:55:54,659 - INFO - Closing firefox driver...
