2025-07-22 19:46:12,842 - INFO - Setting up Chrome driver...
2025-07-22 19:46:12,842 - INFO - ====== WebDriver manager ======
2025-07-22 19:46:13,862 - INFO - Get LATEST chromedriver version for google-chrome
2025-07-22 19:46:14,554 - INFO - Get LATEST chromedriver version for google-chrome
2025-07-22 19:46:15,258 - INFO - Driver [C:\Users\Home\.wdm\drivers\chromedriver\win64\138.0.7204.157\chromedriver-win32/THIRD_PARTY_NOTICES.chromedriver] found in cache
2025-07-22 19:46:15,259 - INFO - Chrome driver path: C:\Users\Home\.wdm\drivers\chromedriver\win64\138.0.7204.157\chromedriver-win32/chromedriver.exe
2025-07-22 19:46:16,886 - INFO - [CHROME] Step 1: Click play button
2025-07-22 19:46:17,413 - INFO - [CHROME] Step 2: Wait for event to be sent
2025-07-22 19:46:18,415 - INFO - [CHROME] Step 3: Verify video is playing
2025-07-22 19:46:18,438 - INFO - [CHROME] Step 4: Check play events
2025-07-22 19:46:18,447 - INFO - [CHROME] Step 5: Validate event structure
2025-07-22 19:46:18,456 - INFO - Closing chrome driver...
2025-07-22 19:46:24,762 - INFO - Setting up Firefox driver...
2025-07-22 19:46:24,764 - INFO - ====== WebDriver manager ======
2025-07-22 19:46:25,940 - INFO - Get LATEST geckodriver version for 140.0 firefox
2025-07-22 19:46:26,574 - INFO - Get LATEST geckodriver version for 140.0 firefox
2025-07-22 19:46:27,047 - INFO - Driver [C:\Users\Home\.wdm\drivers\geckodriver\win64\v0.36.0\geckodriver.exe] found in cache
2025-07-22 19:46:33,965 - INFO - [FIREFOX] Step 1: Click play button
2025-07-22 19:46:34,473 - INFO - [FIREFOX] Step 2: Wait for event to be sent
2025-07-22 19:46:35,475 - INFO - [FIREFOX] Step 3: Verify video is playing
2025-07-22 19:46:35,489 - INFO - [FIREFOX] Step 4: Check play events
2025-07-22 19:46:35,504 - INFO - [FIREFOX] Step 5: Validate event structure
2025-07-22 19:46:35,524 - INFO - Closing firefox driver...
2025-07-22 19:46:42,752 - INFO - Setting up Chrome driver...
2025-07-22 19:46:42,753 - INFO - ====== WebDriver manager ======
2025-07-22 19:46:43,807 - INFO - Get LATEST chromedriver version for google-chrome
2025-07-22 19:46:44,500 - INFO - Get LATEST chromedriver version for google-chrome
2025-07-22 19:46:45,177 - INFO - Driver [C:\Users\Home\.wdm\drivers\chromedriver\win64\138.0.7204.157\chromedriver-win32/THIRD_PARTY_NOTICES.chromedriver] found in cache
2025-07-22 19:46:45,178 - INFO - Chrome driver path: C:\Users\Home\.wdm\drivers\chromedriver\win64\138.0.7204.157\chromedriver-win32/chromedriver.exe
2025-07-22 19:46:46,718 - INFO - [CHROME] Step 1: Play video first
2025-07-22 19:46:48,258 - INFO - [CHROME] Step 2: Clear previous events
2025-07-22 19:46:48,268 - INFO - [CHROME] Step 3: Click pause button
2025-07-22 19:46:49,777 - INFO - [CHROME] Step 4: Verify video is paused
2025-07-22 19:46:49,794 - INFO - [CHROME] Step 5: Check pause events
2025-07-22 19:46:49,816 - WARNING - [CHROME] BUG FOUND: Pause sends 'play' event instead of 'pause'
2025-07-22 19:46:49,816 - WARNING - [CHROME] Events captured: [{'timestamp': '2025-07-22T16:46:48.275Z', 'type': 'play', 'userId': 'user-123', 'videoTime': 1.322956}]
2025-07-22 19:46:49,827 - INFO - Closing chrome driver...
2025-07-22 19:46:56,215 - INFO - Setting up Firefox driver...
2025-07-22 19:46:56,217 - INFO - ====== WebDriver manager ======
2025-07-22 19:46:57,375 - INFO - Get LATEST geckodriver version for 140.0 firefox
2025-07-22 19:46:58,026 - INFO - Get LATEST geckodriver version for 140.0 firefox
2025-07-22 19:46:58,504 - INFO - Driver [C:\Users\Home\.wdm\drivers\geckodriver\win64\v0.36.0\geckodriver.exe] found in cache
2025-07-22 19:47:05,448 - INFO - [FIREFOX] Step 1: Play video first
2025-07-22 19:47:06,960 - INFO - [FIREFOX] Step 2: Clear previous events
2025-07-22 19:47:06,964 - INFO - [FIREFOX] Step 3: Click pause button
2025-07-22 19:47:08,472 - INFO - [FIREFOX] Step 4: Verify video is paused
2025-07-22 19:47:08,477 - INFO - [FIREFOX] Step 5: Check pause events
2025-07-22 19:47:08,487 - WARNING - [FIREFOX] BUG FOUND: Pause sends 'play' event instead of 'pause'
2025-07-22 19:47:08,487 - WARNING - [FIREFOX] Events captured: [{'timestamp': '2025-07-22T16:47:06.970Z', 'type': 'play', 'userId': 'user-123', 'videoTime': 1.187312}]
2025-07-22 19:47:08,511 - INFO - Closing firefox driver...
2025-07-22 19:47:15,648 - INFO - Setting up Chrome driver...
2025-07-22 19:47:15,648 - INFO - ====== WebDriver manager ======
2025-07-22 19:47:16,664 - INFO - Get LATEST chromedriver version for google-chrome
2025-07-22 19:47:17,311 - INFO - Get LATEST chromedriver version for google-chrome
2025-07-22 19:47:17,966 - INFO - Driver [C:\Users\Home\.wdm\drivers\chromedriver\win64\138.0.7204.157\chromedriver-win32/THIRD_PARTY_NOTICES.chromedriver] found in cache
2025-07-22 19:47:17,967 - INFO - Chrome driver path: C:\Users\Home\.wdm\drivers\chromedriver\win64\138.0.7204.157\chromedriver-win32/chromedriver.exe
2025-07-22 19:47:19,512 - INFO - [CHROME] Step 1: Play video
2025-07-22 19:47:21,032 - INFO - [CHROME] Step 2: Get video duration
2025-07-22 19:47:21,039 - INFO - [CHROME] Video duration: 10.0 seconds
2025-07-22 19:47:21,039 - INFO - [CHROME] Step 3: Clear events and seek to 10 seconds
2025-07-22 19:47:22,552 - INFO - [CHROME] Step 4: Verify seek worked
2025-07-22 19:47:22,568 - INFO - [CHROME] Step 5: Check seeked events
2025-07-22 19:47:22,585 - INFO - Closing chrome driver...
2025-07-22 19:47:28,896 - INFO - Setting up Firefox driver...
2025-07-22 19:47:28,896 - INFO - ====== WebDriver manager ======
2025-07-22 19:47:30,010 - INFO - Get LATEST geckodriver version for 140.0 firefox
2025-07-22 19:47:30,656 - INFO - Get LATEST geckodriver version for 140.0 firefox
2025-07-22 19:47:31,121 - INFO - Driver [C:\Users\Home\.wdm\drivers\geckodriver\win64\v0.36.0\geckodriver.exe] found in cache
2025-07-22 19:47:37,918 - INFO - [FIREFOX] Step 1: Play video
2025-07-22 19:47:39,430 - INFO - [FIREFOX] Step 2: Get video duration
2025-07-22 19:47:39,437 - INFO - [FIREFOX] Video duration: 10.0 seconds
2025-07-22 19:47:39,437 - INFO - [FIREFOX] Step 3: Clear events and seek to 10 seconds
2025-07-22 19:47:40,952 - INFO - [FIREFOX] Step 4: Verify seek worked
2025-07-22 19:47:40,970 - INFO - [FIREFOX] Step 5: Check seeked events
2025-07-22 19:47:40,988 - INFO - Closing firefox driver...
2025-07-22 19:47:48,016 - INFO - Setting up Chrome driver...
2025-07-22 19:47:48,016 - INFO - ====== WebDriver manager ======
2025-07-22 19:47:49,035 - INFO - Get LATEST chromedriver version for google-chrome
2025-07-22 19:47:49,731 - INFO - Get LATEST chromedriver version for google-chrome
2025-07-22 19:47:50,382 - INFO - Driver [C:\Users\Home\.wdm\drivers\chromedriver\win64\138.0.7204.157\chromedriver-win32/THIRD_PARTY_NOTICES.chromedriver] found in cache
2025-07-22 19:47:50,383 - INFO - Chrome driver path: C:\Users\Home\.wdm\drivers\chromedriver\win64\138.0.7204.157\chromedriver-win32/chromedriver.exe
2025-07-22 19:47:51,823 - INFO - [CHROME] Step 1: Add content to make page scrollable
2025-07-22 19:47:52,332 - INFO - [CHROME] Step 2: Scroll to top
2025-07-22 19:47:53,840 - INFO - [CHROME] Step 3: Clear events and scroll down
2025-07-22 19:47:55,358 - INFO - [CHROME] Step 4: Check initial scroll events
2025-07-22 19:47:55,374 - INFO - [CHROME] Scroll events after first scroll: 1
2025-07-22 19:47:55,374 - INFO - [CHROME] Step 5: Scroll more
2025-07-22 19:47:56,910 - INFO - [CHROME] Total scroll events: 2
2025-07-22 19:47:56,910 - INFO - [CHROME] Step 6: Validate scroll event structure
2025-07-22 19:47:56,921 - INFO - Closing chrome driver...
2025-07-22 19:48:03,217 - INFO - Setting up Firefox driver...
2025-07-22 19:48:03,217 - INFO - ====== WebDriver manager ======
2025-07-22 19:48:04,337 - INFO - Get LATEST geckodriver version for 140.0 firefox
2025-07-22 19:48:05,023 - INFO - Get LATEST geckodriver version for 140.0 firefox
2025-07-22 19:48:05,484 - INFO - Driver [C:\Users\Home\.wdm\drivers\geckodriver\win64\v0.36.0\geckodriver.exe] found in cache
2025-07-22 19:48:12,525 - INFO - [FIREFOX] Step 1: Add content to make page scrollable
2025-07-22 19:48:13,038 - INFO - [FIREFOX] Step 2: Scroll to top
2025-07-22 19:48:14,551 - INFO - [FIREFOX] Step 3: Clear events and scroll down
2025-07-22 19:48:16,060 - INFO - [FIREFOX] Step 4: Check initial scroll events
2025-07-22 19:48:16,074 - INFO - [FIREFOX] Scroll events after first scroll: 1
2025-07-22 19:48:16,076 - INFO - [FIREFOX] Step 5: Scroll more
2025-07-22 19:48:17,595 - INFO - [FIREFOX] Total scroll events: 2
2025-07-22 19:48:17,595 - INFO - [FIREFOX] Step 6: Validate scroll event structure
2025-07-22 19:48:17,607 - INFO - Closing firefox driver...
