2025-07-22 12:39:13,635 - INFO - Step 1: Prepare play event data
2025-07-22 12:39:13,635 - INFO - Step 2: Send play event to API
2025-07-22 12:39:13,645 - INFO - Step 3: Validate response status
2025-07-22 12:39:13,652 - INFO - Step 4: Validate response body
2025-07-22 12:39:13,660 - INFO - Step 1: Send pause event
2025-07-22 12:39:13,665 - INFO - Step 2: Validate response
2025-07-22 12:39:13,669 - INFO - Step 1: Send seeked event
2025-07-22 12:39:13,673 - INFO - Step 2: Validate response
2025-07-22 12:39:13,684 - INFO - Step 1: Send scroll event
2025-07-22 12:39:13,687 - INFO - Step 2: Validate response
2025-07-22 12:39:13,698 - INFO - Step 1: Create complete event structure
2025-07-22 12:39:13,698 - INFO -    Event data: {'userId': 'user-123', 'type': 'play', 'videoTime': 12.345, 'timestamp': '2025-07-21T19:30:45.123Z'}
2025-07-22 12:39:13,698 - INFO - Step 2: Send event
2025-07-22 12:39:13,701 - INFO - Step 3: Validate response
2025-07-22 12:39:13,705 - INFO - Step 1: Test multiple user IDs
2025-07-22 12:39:13,706 - INFO -    1. Testing user: user-123
2025-07-22 12:39:13,712 - INFO -    2. Testing user: user-456
2025-07-22 12:39:13,716 - INFO -    3. Testing user: test-user
2025-07-22 12:39:13,719 - INFO -    4. Testing user: admin
2025-07-22 12:39:13,728 - INFO - Step 1: Test various video times
2025-07-22 12:39:13,729 - INFO -    1. Testing time: 0.0s
2025-07-22 12:39:13,733 - INFO -    2. Testing time: 0.5s
2025-07-22 12:39:13,736 - INFO -    3. Testing time: 10.0s
2025-07-22 12:39:13,739 - INFO -    4. Testing time: 59.999s
2025-07-22 12:39:13,743 - INFO -    5. Testing time: 120.5s
2025-07-22 12:39:13,746 - INFO -    6. Testing time: 3600.0s
2025-07-22 12:39:13,766 - INFO - Step 1: Send 10 events rapidly
2025-07-22 12:39:13,796 - INFO - Step 2: Validate all events sent
