2025-07-22 15:24:34,000 - INFO - Setting up Chrome driver...
2025-07-22 15:24:34,001 - INFO - ====== WebDriver manager ======
2025-07-22 15:24:36,296 - INFO - Get LATEST chromedriver version for google-chrome
2025-07-22 15:24:37,841 - INFO - Get LATEST chromedriver version for google-chrome
2025-07-22 15:24:39,462 - INFO - Driver [C:\Users\Home\.wdm\drivers\chromedriver\win64\138.0.7204.157\chromedriver-win32/THIRD_PARTY_NOTICES.chromedriver] found in cache
2025-07-22 15:24:39,463 - INFO - Chrome driver path: C:\Users\Home\.wdm\drivers\chromedriver\win64\138.0.7204.157\chromedriver-win32/chromedriver.exe
2025-07-22 15:24:41,806 - INFO - [CHROME] Step 1: Click play button
2025-07-22 15:24:42,337 - INFO - [CHROME] Step 2: Wait for event to be sent
2025-07-22 15:24:43,338 - INFO - [CHROME] Step 3: Verify video is playing
2025-07-22 15:24:43,399 - INFO - [CHROME] Step 4: Check play events
2025-07-22 15:24:43,816 - INFO - Closing chrome driver...
2025-07-22 15:24:47,278 - INFO - Setting up Firefox driver...
2025-07-22 15:24:47,279 - INFO - ====== WebDriver manager ======
2025-07-22 15:24:49,765 - INFO - Get LATEST geckodriver version for 140.0 firefox
2025-07-22 15:24:50,926 - INFO - Get LATEST geckodriver version for 140.0 firefox
2025-07-22 15:24:51,722 - INFO - Driver [C:\Users\Home\.wdm\drivers\geckodriver\win64\v0.36.0\geckodriver.exe] found in cache
2025-07-22 15:25:01,348 - INFO - [FIREFOX] Step 1: Click play button
2025-07-22 15:25:01,872 - INFO - [FIREFOX] Step 2: Wait for event to be sent
2025-07-22 15:25:02,874 - INFO - [FIREFOX] Step 3: Verify video is playing
2025-07-22 15:25:02,896 - INFO - [FIREFOX] Step 4: Check play events
2025-07-22 15:25:07,002 - INFO - Closing firefox driver...
