2025-07-22 20:38:06,833 - INFO - Step 1: Create event without userId
2025-07-22 20:38:06,833 - INFO - Step 2: Send invalid event
2025-07-22 20:38:06,842 - INFO - Step 3: Validate server response
2025-07-22 20:38:06,842 - WARNING -    Server accepts missing userId: 200
2025-07-22 20:38:06,845 - INFO - Step 1: Create event without type
2025-07-22 20:38:06,845 - INFO - Step 2: Send and validate
2025-07-22 20:38:06,848 - WARNING -    Missing type response: 200
2025-07-22 20:38:06,851 - INFO - Testing missing videoTime
2025-07-22 20:38:06,854 - WARNING -    Missing videoTime response: 200
2025-07-22 20:38:06,857 - INFO - Testing missing timestamp
2025-07-22 20:38:06,861 - WARNING -    Missing timestamp response: 200
2025-07-22 20:38:06,863 - INFO - Testing empty payload
2025-07-22 20:38:06,866 - WARNING -    Empty payload response: 200
2025-07-22 20:38:06,868 - INFO - Testing null values
2025-07-22 20:38:06,871 - WARNING -    Null values response: 200
2025-07-22 20:38:06,874 - INFO - Testing wrong type for videoTime
2025-07-22 20:38:06,878 - WARNING -    Wrong videoTime type response: 200
2025-07-22 20:38:06,882 - INFO - Testing negative videoTime
2025-07-22 20:38:06,885 - WARNING -    Negative videoTime response: 200
2025-07-22 20:38:06,887 - INFO - Testing invalid event type
2025-07-22 20:38:06,891 - WARNING -    Invalid event type response: 200
2025-07-22 20:38:06,895 - INFO - Testing malformed timestamp
2025-07-22 20:38:06,899 - WARNING -    Malformed timestamp response: 200
2025-07-22 20:38:06,902 - INFO - Testing extra fields
2025-07-22 20:38:06,906 - INFO -    Extra fields response: 200
2025-07-22 20:38:06,906 - INFO -    Server accepts extra fields: True
2025-07-22 20:38:06,910 - INFO - Testing wrong content type
2025-07-22 20:38:06,914 - WARNING -    Wrong content type response: 200
2025-07-22 20:38:06,917 - INFO - Testing special characters
2025-07-22 20:38:06,921 - INFO -    Special characters response: 200
