2025-07-22 20:35:33,087 - INFO - Step 1: Create event without userId
2025-07-22 20:35:33,087 - INFO - Step 2: Send invalid event
2025-07-22 20:35:33,095 - INFO - Step 3: Validate server response
2025-07-22 20:35:33,096 - WARNING -    Server accepts missing userId: 200
2025-07-22 20:35:33,099 - INFO - Step 1: Create event without type
2025-07-22 20:35:33,099 - INFO - Step 2: Send and validate
2025-07-22 20:35:33,102 - WARNING -    Missing type response: 200
2025-07-22 20:35:33,105 - INFO - Testing missing videoTime
2025-07-22 20:35:33,109 - WARNING -    Missing videoTime response: 200
2025-07-22 20:35:33,112 - INFO - Testing missing timestamp
2025-07-22 20:35:33,115 - WARNING -    Missing timestamp response: 200
2025-07-22 20:35:33,117 - INFO - Testing empty payload
2025-07-22 20:35:33,120 - WARNING -    Empty payload response: 200
2025-07-22 20:35:33,123 - INFO - Testing null values
2025-07-22 20:35:33,128 - WARNING -    Null values response: 200
2025-07-22 20:35:33,131 - INFO - Testing wrong type for videoTime
2025-07-22 20:35:33,133 - WARNING -    Wrong videoTime type response: 200
2025-07-22 20:35:33,136 - INFO - Testing negative videoTime
2025-07-22 20:35:33,140 - WARNING -    Negative videoTime response: 200
2025-07-22 20:35:33,145 - INFO - Testing invalid event type
2025-07-22 20:35:33,149 - WARNING -    Invalid event type response: 200
2025-07-22 20:35:33,151 - INFO - Testing malformed timestamp
2025-07-22 20:35:33,155 - WARNING -    Malformed timestamp response: 200
2025-07-22 20:35:33,157 - INFO - Testing extra fields
2025-07-22 20:35:33,163 - INFO -    Extra fields response: 200
2025-07-22 20:35:33,163 - INFO -    Server accepts extra fields: True
2025-07-22 20:35:33,166 - INFO - Testing wrong content type
2025-07-22 20:35:33,169 - WARNING -    Wrong content type response: 200
2025-07-22 20:35:33,172 - INFO - Testing special characters
2025-07-22 20:35:33,178 - INFO -    Special characters response: 200
