2025-07-22 20:27:58,990 - INFO - Step 1: Create event without userId
2025-07-22 20:27:58,991 - INFO - Step 2: Send invalid event
2025-07-22 20:27:58,999 - INFO - Step 3: Validate server response
2025-07-22 20:27:58,999 - WARNING -    Server accepts missing userId: 200
2025-07-22 20:27:59,003 - INFO - Step 1: Create event without type
2025-07-22 20:27:59,003 - INFO - Step 2: Send and validate
2025-07-22 20:27:59,006 - WARNING -    Missing type response: 200
2025-07-22 20:27:59,008 - INFO - Testing missing videoTime
2025-07-22 20:27:59,012 - WARNING -    Missing videoTime response: 200
2025-07-22 20:27:59,015 - INFO - Testing missing timestamp
2025-07-22 20:27:59,018 - WARNING -    Missing timestamp response: 200
2025-07-22 20:27:59,020 - INFO - Testing empty payload
2025-07-22 20:27:59,023 - WARNING -    Empty payload response: 200
2025-07-22 20:27:59,026 - INFO - Testing null values
2025-07-22 20:27:59,029 - WARNING -    Null values response: 200
2025-07-22 20:27:59,033 - INFO - Testing wrong type for videoTime
2025-07-22 20:27:59,036 - WARNING -    Wrong videoTime type response: 200
2025-07-22 20:27:59,038 - INFO - Testing negative videoTime
2025-07-22 20:27:59,041 - WARNING -    Negative videoTime response: 200
2025-07-22 20:27:59,044 - INFO - Testing invalid event type
2025-07-22 20:27:59,050 - WARNING -    Invalid event type response: 200
2025-07-22 20:27:59,052 - INFO - Testing malformed timestamp
2025-07-22 20:27:59,055 - WARNING -    Malformed timestamp response: 200
2025-07-22 20:27:59,057 - INFO - Testing extra fields
2025-07-22 20:27:59,060 - INFO -    Extra fields response: 200
2025-07-22 20:27:59,061 - INFO -    Server accepts extra fields: True
2025-07-22 20:27:59,064 - INFO - Testing wrong content type
2025-07-22 20:27:59,067 - WARNING -    Wrong content type response: 200
2025-07-22 20:27:59,070 - INFO - Testing malformed JSON
2025-07-22 20:27:59,073 - ERROR -    Malformed JSON response: 400
2025-07-22 20:27:59,075 - INFO - Testing huge payload
2025-07-22 20:27:59,081 - WARNING -    Huge payload response: 200
2025-07-22 20:27:59,083 - INFO - Testing special characters
2025-07-22 20:27:59,087 - INFO -    Special characters response: 200
