2025-07-22 20:33:38,824 - INFO - Step 1: Create event without userId
2025-07-22 20:33:38,824 - INFO - Step 2: Send invalid event
2025-07-22 20:33:38,833 - INFO - Step 3: Validate server response
2025-07-22 20:33:38,833 - WARNING -    Server accepts missing userId: 200
2025-07-22 20:33:38,837 - INFO - Step 1: Create event without type
2025-07-22 20:33:38,837 - INFO - Step 2: Send and validate
2025-07-22 20:33:38,840 - WARNING -    Missing type response: 200
2025-07-22 20:33:38,842 - INFO - Testing missing videoTime
2025-07-22 20:33:38,845 - WARNING -    Missing videoTime response: 200
2025-07-22 20:33:38,849 - INFO - Testing missing timestamp
2025-07-22 20:33:38,853 - WARNING -    Missing timestamp response: 200
2025-07-22 20:33:38,855 - INFO - Testing empty payload
2025-07-22 20:33:38,858 - WARNING -    Empty payload response: 200
2025-07-22 20:33:38,861 - INFO - Testing null values
2025-07-22 20:33:38,864 - WARNING -    Null values response: 200
2025-07-22 20:33:38,867 - INFO - Testing wrong type for videoTime
2025-07-22 20:33:38,870 - WARNING -    Wrong videoTime type response: 200
2025-07-22 20:33:38,872 - INFO - Testing negative videoTime
2025-07-22 20:33:38,875 - WARNING -    Negative videoTime response: 200
2025-07-22 20:33:38,878 - INFO - Testing invalid event type
2025-07-22 20:33:38,882 - WARNING -    Invalid event type response: 200
2025-07-22 20:33:38,885 - INFO - Testing malformed timestamp
2025-07-22 20:33:38,888 - WARNING -    Malformed timestamp response: 200
2025-07-22 20:33:38,891 - INFO - Testing extra fields
2025-07-22 20:33:38,894 - INFO -    Extra fields response: 200
2025-07-22 20:33:38,894 - INFO -    Server accepts extra fields: True
2025-07-22 20:33:38,897 - INFO - Testing wrong content type
2025-07-22 20:33:38,901 - WARNING -    Wrong content type response: 200
2025-07-22 20:33:38,904 - INFO - Testing special characters
2025-07-22 20:33:38,907 - INFO -    Special characters response: 200
