2025-07-22 19:55:16,542 - INFO - Setting up Chrome driver...
2025-07-22 19:55:16,543 - INFO - ====== WebDriver manager ======
2025-07-22 19:55:17,571 - INFO - Get LATEST chromedriver version for google-chrome
2025-07-22 19:55:18,253 - INFO - Get LATEST chromedriver version for google-chrome
2025-07-22 19:55:18,918 - INFO - Driver [C:\Users\Home\.wdm\drivers\chromedriver\win64\138.0.7204.157\chromedriver-win32/THIRD_PARTY_NOTICES.chromedriver] found in cache
2025-07-22 19:55:18,919 - INFO - Chrome driver path: C:\Users\Home\.wdm\drivers\chromedriver\win64\138.0.7204.157\chromedriver-win32/chromedriver.exe
2025-07-22 19:55:20,476 - INFO - [CHROME] Step 1: Click play button
2025-07-22 19:55:20,995 - INFO - [CHROME] Step 2: Wait for event to be sent
2025-07-22 19:55:21,996 - INFO - [CHROME] Step 3: Verify video is playing
2025-07-22 19:55:22,013 - INFO - [CHROME] Step 4: Check play events
2025-07-22 19:55:22,024 - INFO - [CHROME] Step 5: Validate event structure
2025-07-22 19:55:22,035 - INFO - Closing chrome driver...
2025-07-22 19:55:28,352 - INFO - Setting up Firefox driver...
2025-07-22 19:55:28,353 - INFO - ====== WebDriver manager ======
2025-07-22 19:55:29,492 - INFO - Get LATEST geckodriver version for 140.0 firefox
2025-07-22 19:55:30,132 - INFO - Get LATEST geckodriver version for 140.0 firefox
2025-07-22 19:55:30,582 - INFO - Driver [C:\Users\Home\.wdm\drivers\geckodriver\win64\v0.36.0\geckodriver.exe] found in cache
2025-07-22 19:55:37,792 - INFO - [FIREFOX] Step 1: Click play button
2025-07-22 19:55:38,305 - INFO - [FIREFOX] Step 2: Wait for event to be sent
2025-07-22 19:55:39,307 - INFO - [FIREFOX] Step 3: Verify video is playing
2025-07-22 19:55:39,313 - INFO - [FIREFOX] Step 4: Check play events
2025-07-22 19:55:39,319 - INFO - [FIREFOX] Step 5: Validate event structure
2025-07-22 19:55:39,325 - INFO - Closing firefox driver...
2025-07-22 19:55:46,528 - INFO - Setting up Chrome driver...
2025-07-22 19:55:46,529 - INFO - ====== WebDriver manager ======
2025-07-22 19:55:47,577 - INFO - Get LATEST chromedriver version for google-chrome
2025-07-22 19:55:48,456 - INFO - Get LATEST chromedriver version for google-chrome
2025-07-22 19:55:49,225 - INFO - Driver [C:\Users\Home\.wdm\drivers\chromedriver\win64\138.0.7204.157\chromedriver-win32/THIRD_PARTY_NOTICES.chromedriver] found in cache
2025-07-22 19:55:49,226 - INFO - Chrome driver path: C:\Users\Home\.wdm\drivers\chromedriver\win64\138.0.7204.157\chromedriver-win32/chromedriver.exe
2025-07-22 19:55:50,670 - INFO - [CHROME] Step 1: Play video first
2025-07-22 19:55:52,196 - INFO - [CHROME] Step 2: Clear previous events
2025-07-22 19:55:52,202 - INFO - [CHROME] Step 3: Click pause button
2025-07-22 19:55:53,711 - INFO - [CHROME] Step 4: Verify video is paused
2025-07-22 19:55:53,725 - INFO - [CHROME] Step 5: Check pause events
2025-07-22 19:55:53,744 - WARNING - [CHROME] BUG FOUND: Pause sends 'play' event instead of 'pause'
2025-07-22 19:55:53,745 - WARNING - [CHROME] Events captured: [{'timestamp': '2025-07-22T16:55:52.209Z', 'type': 'play', 'userId': 'user-123', 'videoTime': 1.222868}]
2025-07-22 19:55:53,756 - INFO - Closing chrome driver...
2025-07-22 19:56:00,207 - INFO - Setting up Firefox driver...
2025-07-22 19:56:00,208 - INFO - ====== WebDriver manager ======
2025-07-22 19:56:01,350 - INFO - Get LATEST geckodriver version for 140.0 firefox
2025-07-22 19:56:01,997 - INFO - Get LATEST geckodriver version for 140.0 firefox
2025-07-22 19:56:02,466 - INFO - Driver [C:\Users\Home\.wdm\drivers\geckodriver\win64\v0.36.0\geckodriver.exe] found in cache
2025-07-22 19:56:09,297 - INFO - [FIREFOX] Step 1: Play video first
2025-07-22 19:56:10,810 - INFO - [FIREFOX] Step 2: Clear previous events
2025-07-22 19:56:10,815 - INFO - [FIREFOX] Step 3: Click pause button
2025-07-22 19:56:12,324 - INFO - [FIREFOX] Step 4: Verify video is paused
2025-07-22 19:56:12,332 - INFO - [FIREFOX] Step 5: Check pause events
2025-07-22 19:56:12,340 - WARNING - [FIREFOX] BUG FOUND: Pause sends 'play' event instead of 'pause'
2025-07-22 19:56:12,343 - WARNING - [FIREFOX] Events captured: [{'timestamp': '2025-07-22T16:56:10.821Z', 'type': 'play', 'userId': 'user-123', 'videoTime': 1.200124}]
2025-07-22 19:56:12,360 - INFO - Closing firefox driver...
2025-07-22 19:56:19,481 - INFO - Setting up Chrome driver...
2025-07-22 19:56:19,482 - INFO - ====== WebDriver manager ======
2025-07-22 19:56:20,516 - INFO - Get LATEST chromedriver version for google-chrome
2025-07-22 19:56:21,170 - INFO - Get LATEST chromedriver version for google-chrome
2025-07-22 19:56:21,836 - INFO - Driver [C:\Users\Home\.wdm\drivers\chromedriver\win64\138.0.7204.157\chromedriver-win32/THIRD_PARTY_NOTICES.chromedriver] found in cache
2025-07-22 19:56:21,837 - INFO - Chrome driver path: C:\Users\Home\.wdm\drivers\chromedriver\win64\138.0.7204.157\chromedriver-win32/chromedriver.exe
2025-07-22 19:56:23,401 - INFO - [CHROME] Step 1: Play video
2025-07-22 19:56:24,931 - INFO - [CHROME] Step 2: Get video duration
2025-07-22 19:56:24,938 - INFO - [CHROME] Video duration: 10.0 seconds
2025-07-22 19:56:24,938 - INFO - [CHROME] Step 3: Clear events and seek to 10 seconds
2025-07-22 19:56:26,451 - INFO - [CHROME] Step 4: Verify seek worked
2025-07-22 19:56:26,473 - INFO - [CHROME] Step 5: Check seeked events
2025-07-22 19:56:26,499 - INFO - Closing chrome driver...
2025-07-22 19:56:32,803 - INFO - Setting up Firefox driver...
2025-07-22 19:56:32,804 - INFO - ====== WebDriver manager ======
2025-07-22 19:56:33,924 - INFO - Get LATEST geckodriver version for 140.0 firefox
2025-07-22 19:56:34,580 - INFO - Get LATEST geckodriver version for 140.0 firefox
2025-07-22 19:56:35,039 - INFO - Driver [C:\Users\Home\.wdm\drivers\geckodriver\win64\v0.36.0\geckodriver.exe] found in cache
2025-07-22 19:56:41,924 - INFO - [FIREFOX] Step 1: Play video
2025-07-22 19:56:43,435 - INFO - [FIREFOX] Step 2: Get video duration
2025-07-22 19:56:43,446 - INFO - [FIREFOX] Video duration: 10.0 seconds
2025-07-22 19:56:43,446 - INFO - [FIREFOX] Step 3: Clear events and seek to 10 seconds
2025-07-22 19:56:44,971 - INFO - [FIREFOX] Step 4: Verify seek worked
2025-07-22 19:56:44,983 - INFO - [FIREFOX] Step 5: Check seeked events
2025-07-22 19:56:44,993 - INFO - Closing firefox driver...
2025-07-22 19:56:52,037 - INFO - Setting up Chrome driver...
2025-07-22 19:56:52,037 - INFO - ====== WebDriver manager ======
2025-07-22 19:56:53,082 - INFO - Get LATEST chromedriver version for google-chrome
2025-07-22 19:56:53,758 - INFO - Get LATEST chromedriver version for google-chrome
2025-07-22 19:56:54,420 - INFO - Driver [C:\Users\Home\.wdm\drivers\chromedriver\win64\138.0.7204.157\chromedriver-win32/THIRD_PARTY_NOTICES.chromedriver] found in cache
2025-07-22 19:56:54,420 - INFO - Chrome driver path: C:\Users\Home\.wdm\drivers\chromedriver\win64\138.0.7204.157\chromedriver-win32/chromedriver.exe
2025-07-22 19:56:55,877 - INFO - [CHROME] Step 1: Add content to make page scrollable
2025-07-22 19:56:56,390 - INFO - [CHROME] Step 2: Scroll to top
2025-07-22 19:56:57,898 - INFO - [CHROME] Step 3: Clear events and scroll down
2025-07-22 19:56:59,413 - INFO - [CHROME] Step 4: Check initial scroll events
2025-07-22 19:56:59,430 - INFO - [CHROME] Scroll events after first scroll: 1
2025-07-22 19:56:59,430 - INFO - [CHROME] Step 5: Scroll more
2025-07-22 19:57:00,965 - INFO - [CHROME] Total scroll events: 2
2025-07-22 19:57:00,965 - INFO - [CHROME] Step 6: Validate scroll event structure
2025-07-22 19:57:00,976 - INFO - Closing chrome driver...
