2025-07-22 20:29:10,457 - INFO - Step 1: Create event without userId
2025-07-22 20:29:10,457 - INFO - Step 2: Send invalid event
2025-07-22 20:29:10,465 - INFO - Step 3: Validate server response
2025-07-22 20:29:10,466 - WARNING -    Server accepts missing userId: 200
2025-07-22 20:29:10,472 - INFO - Step 1: Create event without type
2025-07-22 20:29:10,472 - INFO - Step 2: Send and validate
2025-07-22 20:29:10,475 - WARNING -    Missing type response: 200
2025-07-22 20:29:10,477 - INFO - Testing missing videoTime
2025-07-22 20:29:10,480 - WARNING -    Missing videoTime response: 200
2025-07-22 20:29:10,483 - INFO - Testing missing timestamp
2025-07-22 20:29:10,486 - WARNING -    Missing timestamp response: 200
2025-07-22 20:29:10,489 - INFO - Testing empty payload
2025-07-22 20:29:10,493 - WARNING -    Empty payload response: 200
2025-07-22 20:29:10,495 - INFO - Testing null values
2025-07-22 20:29:10,498 - WARNING -    Null values response: 200
2025-07-22 20:29:10,500 - INFO - Testing wrong type for videoTime
2025-07-22 20:29:10,504 - WARNING -    Wrong videoTime type response: 200
2025-07-22 20:29:10,507 - INFO - Testing negative videoTime
2025-07-22 20:29:10,511 - WARNING -    Negative videoTime response: 200
2025-07-22 20:29:10,514 - INFO - Testing invalid event type
2025-07-22 20:29:10,518 - WARNING -    Invalid event type response: 200
2025-07-22 20:29:10,522 - INFO - Testing malformed timestamp
2025-07-22 20:29:10,526 - WARNING -    Malformed timestamp response: 200
2025-07-22 20:29:10,529 - INFO - Testing extra fields
2025-07-22 20:29:10,532 - INFO -    Extra fields response: 200
2025-07-22 20:29:10,532 - INFO -    Server accepts extra fields: True
2025-07-22 20:29:10,534 - INFO - Testing wrong content type
2025-07-22 20:29:10,540 - WARNING -    Wrong content type response: 200
2025-07-22 20:29:10,542 - INFO - Testing malformed JSON
2025-07-22 20:29:10,546 - ERROR -    Malformed JSON response: 400
2025-07-22 20:29:10,548 - INFO - Testing huge payload
2025-07-22 20:29:10,552 - WARNING -    Huge payload response: 200
2025-07-22 20:29:10,556 - INFO - Testing special characters
2025-07-22 20:29:10,560 - INFO -    Special characters response: 200
