2025-07-22 20:27:47,140 - INFO - Step 1: Create event without userId
2025-07-22 20:27:47,141 - INFO - Step 2: Send invalid event
2025-07-22 20:27:47,149 - INFO - Step 3: Validate server response
2025-07-22 20:27:47,149 - WARNING -    Server accepts missing userId: 200
2025-07-22 20:27:47,153 - INFO - Step 1: Create event without type
2025-07-22 20:27:47,153 - INFO - Step 2: Send and validate
2025-07-22 20:27:47,156 - WARNING -    Missing type response: 200
2025-07-22 20:27:47,158 - INFO - Testing missing videoTime
2025-07-22 20:27:47,161 - WARNING -    Missing videoTime response: 200
2025-07-22 20:27:47,164 - INFO - Testing missing timestamp
2025-07-22 20:27:47,168 - WARNING -    Missing timestamp response: 200
2025-07-22 20:27:47,170 - INFO - Testing empty payload
2025-07-22 20:27:47,173 - WARNING -    Empty payload response: 200
2025-07-22 20:27:47,178 - INFO - Testing null values
2025-07-22 20:27:47,182 - WARNING -    Null values response: 200
2025-07-22 20:27:47,185 - INFO - Testing wrong type for videoTime
2025-07-22 20:27:47,188 - WARNING -    Wrong videoTime type response: 200
2025-07-22 20:27:47,190 - INFO - Testing negative videoTime
2025-07-22 20:27:47,193 - WARNING -    Negative videoTime response: 200
2025-07-22 20:27:47,196 - INFO - Testing invalid event type
2025-07-22 20:27:47,200 - WARNING -    Invalid event type response: 200
2025-07-22 20:27:47,203 - INFO - Testing malformed timestamp
2025-07-22 20:27:47,207 - WARNING -    Malformed timestamp response: 200
2025-07-22 20:27:47,209 - INFO - Testing extra fields
2025-07-22 20:27:47,212 - INFO -    Extra fields response: 200
2025-07-22 20:27:47,212 - INFO -    Server accepts extra fields: True
2025-07-22 20:27:47,215 - INFO - Testing wrong content type
2025-07-22 20:27:47,219 - WARNING -    Wrong content type response: 200
2025-07-22 20:27:47,222 - INFO - Testing malformed JSON
2025-07-22 20:27:47,227 - ERROR -    Malformed JSON response: 400
2025-07-22 20:27:47,229 - INFO - Testing huge payload
2025-07-22 20:27:47,237 - WARNING -    Huge payload response: 200
2025-07-22 20:27:47,239 - INFO - Testing special characters
2025-07-22 20:27:47,242 - INFO -    Special characters response: 200
