2025-07-22 18:18:52,071 - INFO - Setting up Chrome driver...
2025-07-22 18:18:52,072 - INFO - ====== WebDriver manager ======
2025-07-22 18:18:54,024 - INFO - Get LATEST chromedriver version for google-chrome
2025-07-22 18:18:55,044 - INFO - Get LATEST chromedriver version for google-chrome
2025-07-22 18:18:56,006 - INFO - Driver [C:\Users\Home\.wdm\drivers\chromedriver\win64\138.0.7204.157\chromedriver-win32/THIRD_PARTY_NOTICES.chromedriver] found in cache
2025-07-22 18:18:56,007 - INFO - Chrome driver path: C:\Users\Home\.wdm\drivers\chromedriver\win64\138.0.7204.157\chromedriver-win32/chromedriver.exe
2025-07-22 18:18:58,117 - INFO - [CHROME] Step 1: Play video first
2025-07-22 18:18:59,642 - INFO - [CHROME] Step 2: Clear previous events
2025-07-22 18:18:59,654 - INFO - [CHROME] Step 3: Click pause button
2025-07-22 18:19:01,171 - INFO - [CHROME] Step 4: Verify video is paused
2025-07-22 18:19:01,196 - INFO - [CHROME] Step 5: Check pause events
2025-07-22 18:19:01,228 - WARNING - [CHROME] BUG FOUND: Pause sends 'play' event instead of 'pause'
2025-07-22 18:19:01,229 - WARNING - [CHROME] Events captured: [{'timestamp': '2025-07-22T15:18:59.667Z', 'type': 'play', 'userId': 'user-123', 'videoTime': 0.848252}]
2025-07-22 18:19:01,259 - INFO - Closing chrome driver...
2025-07-22 18:19:07,768 - INFO - Setting up Firefox driver...
2025-07-22 18:19:07,770 - INFO - ====== WebDriver manager ======
2025-07-22 18:19:09,818 - INFO - Get LATEST geckodriver version for 140.0 firefox
2025-07-22 18:19:10,745 - INFO - Get LATEST geckodriver version for 140.0 firefox
2025-07-22 18:19:11,479 - INFO - Driver [C:\Users\Home\.wdm\drivers\geckodriver\win64\v0.36.0\geckodriver.exe] found in cache
2025-07-22 18:19:20,930 - INFO - [FIREFOX] Step 1: Play video first
2025-07-22 18:19:22,449 - INFO - [FIREFOX] Step 2: Clear previous events
2025-07-22 18:19:22,461 - INFO - [FIREFOX] Step 3: Click pause button
2025-07-22 18:19:23,984 - INFO - [FIREFOX] Step 4: Verify video is paused
2025-07-22 18:19:24,002 - INFO - [FIREFOX] Step 5: Check pause events
2025-07-22 18:19:24,031 - WARNING - [FIREFOX] BUG FOUND: Pause sends 'play' event instead of 'pause'
2025-07-22 18:19:24,031 - WARNING - [FIREFOX] Events captured: [{'timestamp': '2025-07-22T15:19:22.477Z', 'type': 'play', 'userId': 'user-123', 'videoTime': 1.045083}]
2025-07-22 18:19:24,078 - INFO - Closing firefox driver...
