2025-07-22 12:58:37,655 - INFO - Setting up Chrome driver...
2025-07-22 12:58:37,656 - INFO - ====== WebDriver manager ======
2025-07-22 12:58:38,746 - INFO - Get LATEST chromedriver version for google-chrome
2025-07-22 12:58:39,881 - INFO - Get LATEST chromedriver version for google-chrome
2025-07-22 12:58:40,998 - INFO - Driver [C:\Users\Home\.wdm\drivers\chromedriver\win64\138.0.7204.157\chromedriver-win32/THIRD_PARTY_NOTICES.chromedriver] found in cache
2025-07-22 12:58:40,998 - INFO - Chrome driver path: C:\Users\Home\.wdm\drivers\chromedriver\win64\138.0.7204.157\chromedriver-win32/chromedriver.exe
2025-07-22 12:58:42,692 - INFO - [CHROME] Step 1: Click play button
2025-07-22 12:58:43,229 - INFO - [CHROME] Step 2: Wait for event to be sent
2025-07-22 12:58:44,231 - INFO - [CHROME] Step 3: Verify video is playing
2025-07-22 12:58:44,249 - INFO - [CHROME] Step 4: Check play events
2025-07-22 12:58:44,261 - INFO - [CHROME] Step 5: Validate event structure
2025-07-22 12:58:44,275 - INFO - Closing chrome driver...
2025-07-22 12:58:50,651 - INFO - Setting up Firefox driver...
2025-07-22 12:58:50,652 - INFO - Found Firefox at: C:\Program Files\Mozilla Firefox\firefox.exe
2025-07-22 12:58:50,652 - INFO - ====== WebDriver manager ======
2025-07-22 12:58:51,863 - INFO - Get LATEST geckodriver version for 140.0 firefox
2025-07-22 12:58:52,539 - INFO - Get LATEST geckodriver version for 140.0 firefox
2025-07-22 12:58:53,025 - INFO - Driver [C:\Users\Home\.wdm\drivers\geckodriver\win64\v0.36.0\geckodriver.exe] found in cache
2025-07-22 12:59:01,379 - INFO - [FIREFOX] Step 1: Click play button
2025-07-22 12:59:01,899 - INFO - [FIREFOX] Step 2: Wait for event to be sent
2025-07-22 12:59:02,900 - INFO - [FIREFOX] Step 3: Verify video is playing
2025-07-22 12:59:02,908 - INFO - [FIREFOX] Step 4: Check play events
2025-07-22 12:59:02,917 - INFO - [FIREFOX] Step 5: Validate event structure
2025-07-22 12:59:02,930 - INFO - Closing firefox driver...
2025-07-22 12:59:10,645 - INFO - Setting up Chrome driver...
2025-07-22 12:59:10,645 - INFO - ====== WebDriver manager ======
2025-07-22 12:59:11,719 - INFO - Get LATEST chromedriver version for google-chrome
2025-07-22 12:59:12,810 - INFO - Get LATEST chromedriver version for google-chrome
2025-07-22 12:59:13,954 - INFO - Driver [C:\Users\Home\.wdm\drivers\chromedriver\win64\138.0.7204.157\chromedriver-win32/THIRD_PARTY_NOTICES.chromedriver] found in cache
2025-07-22 12:59:13,954 - INFO - Chrome driver path: C:\Users\Home\.wdm\drivers\chromedriver\win64\138.0.7204.157\chromedriver-win32/chromedriver.exe
2025-07-22 12:59:15,550 - INFO - [CHROME] Step 1: Play video first
2025-07-22 12:59:17,073 - INFO - [CHROME] Step 2: Clear previous events
2025-07-22 12:59:17,081 - INFO - [CHROME] Step 3: Click pause button
2025-07-22 12:59:18,592 - INFO - [CHROME] Step 4: Verify video is paused
2025-07-22 12:59:18,599 - INFO - [CHROME] Step 5: Check pause events
2025-07-22 12:59:18,610 - WARNING - [CHROME] BUG FOUND: Pause sends 'play' event instead of 'pause'
2025-07-22 12:59:18,610 - WARNING - [CHROME] Events captured: [{'timestamp': '2025-07-22T09:59:17.089Z', 'type': 'play', 'userId': 'user-123', 'videoTime': 1.327931}]
2025-07-22 12:59:18,621 - INFO - Closing chrome driver...
2025-07-22 12:59:25,000 - INFO - Setting up Firefox driver...
2025-07-22 12:59:25,000 - INFO - Found Firefox at: C:\Program Files\Mozilla Firefox\firefox.exe
2025-07-22 12:59:25,000 - INFO - ====== WebDriver manager ======
2025-07-22 12:59:26,143 - INFO - Get LATEST geckodriver version for 140.0 firefox
2025-07-22 12:59:26,813 - INFO - Get LATEST geckodriver version for 140.0 firefox
2025-07-22 12:59:27,295 - INFO - Driver [C:\Users\Home\.wdm\drivers\geckodriver\win64\v0.36.0\geckodriver.exe] found in cache
2025-07-22 12:59:34,358 - INFO - [FIREFOX] Step 1: Play video first
2025-07-22 12:59:35,918 - INFO - [FIREFOX] Step 2: Clear previous events
2025-07-22 12:59:35,922 - INFO - [FIREFOX] Step 3: Click pause button
